<?xml version="1.0" encoding="UTF-8"?>
<!-- Generated by org.testng.reporters.JUnitReportReporter -->
<testsuite hostname="LAPTOP-HIHHPDSQ" failures="0" tests="1" name="com.ecommerce.test.TC_13_Removingproduvtfromcart" time="18.013" errors="0" timestamp="2024-05-13T11:58:23 IST" skipped="0">
  <testcase classname="com.ecommerce.test.TC_13_Removingproduvtfromcart" name="removerproductcart" time="18.013"/>
</testsuite> <!-- com.ecommerce.test.TC_13_Removingproduvtfromcart -->
