<?xml version="1.0" encoding="UTF-8"?>
<!-- Generated by org.testng.reporters.JUnitReportReporter -->
<testsuite hostname="LAPTOP-HIHHPDSQ" failures="0" tests="1" name="com.ecommerce.test.TC_07_Validationofpaymentoption" time="26.184" errors="0" timestamp="2024-05-11T13:23:42 IST" skipped="0">
  <testcase classname="com.ecommerce.test.TC_07_Validationofpaymentoption" name="paymentoption" time="26.184"/>
</testsuite> <!-- com.ecommerce.test.TC_07_Validationofpaymentoption -->
