<?xml version="1.0" encoding="UTF-8"?>
<!-- Generated by org.testng.reporters.JUnitReportReporter -->
<testsuite hostname="LAPTOP-HIHHPDSQ" failures="0" tests="1" name="com.ecommerce.test.TC_10_validationofaddingtowishlist" time="32.711" errors="0" timestamp="2024-05-11T19:55:37 IST" skipped="0">
  <testcase classname="com.ecommerce.test.TC_10_validationofaddingtowishlist" name="validationaddtowishlis" time="32.711"/>
</testsuite> <!-- com.ecommerce.test.TC_10_validationofaddingtowishlist -->
