<?xml version="1.0" encoding="UTF-8"?>
<!-- Generated by org.testng.reporters.JUnitReportReporter -->
<testsuite hostname="LAPTOP-HIHHPDSQ" failures="0" tests="1" name="com.ecommerce.test.TC_09_validationofcreatingDifferentwishlist" time="28.969" errors="0" timestamp="2024-05-11T13:41:42 IST" skipped="0">
  <testcase classname="com.ecommerce.test.TC_09_validationofcreatingDifferentwishlist" name="newwishlist" time="28.969"/>
</testsuite> <!-- com.ecommerce.test.TC_09_validationofcreatingDifferentwishlist -->
