<?xml version="1.0" encoding="UTF-8"?>
<!-- Generated by org.testng.reporters.JUnitReportReporter -->
<testsuite hostname="LAPTOP-HIHHPDSQ" failures="0" tests="1" name="com.ecommerce.test.TC_04_validationofaddtocart" time="79.486" errors="0" timestamp="2024-05-13T13:01:02 IST" skipped="0">
  <testcase classname="com.ecommerce.test.TC_04_validationofaddtocart" name="validationofaddtocart" time="79.486"/>
</testsuite> <!-- com.ecommerce.test.TC_04_validationofaddtocart -->
