<?xml version="1.0" encoding="UTF-8"?>
<!-- Generated by org.testng.reporters.JUnitReportReporter -->
<testsuite hostname="LAPTOP-HIHHPDSQ" failures="0" tests="1" name="com.ecommerce.test.TC_16_validationodaddresspage" time="29.600" errors="0" timestamp="2024-05-13T12:23:03 IST" skipped="0">
  <testcase classname="com.ecommerce.test.TC_16_validationodaddresspage" name="validationofaddresspage" time="29.600"/>
</testsuite> <!-- com.ecommerce.test.TC_16_validationodaddresspage -->
