<?xml version="1.0" encoding="UTF-8"?>
<!-- Generated by org.testng.reporters.JUnitReportReporter -->
<testsuite hostname="LAPTOP-HIHHPDSQ" failures="0" tests="1" name="com.ecommerce.test.TC_08_validationofaddtolist" time="20.582" errors="0" timestamp="2024-05-11T13:27:02 IST" skipped="0">
  <testcase classname="com.ecommerce.test.TC_08_validationofaddtolist" name="addtolist" time="20.582"/>
</testsuite> <!-- com.ecommerce.test.TC_08_validationofaddtolist -->
