<?xml version="1.0" encoding="UTF-8"?>
<!-- Generated by org.testng.reporters.JUnitReportReporter -->
<testsuite hostname="LAPTOP-HIHHPDSQ" failures="0" tests="1" name="com.ecommerce.test.TC_06_validationofpaymentoptions" time="27.344" errors="0" timestamp="2024-05-11T13:14:22 IST" skipped="0">
  <testcase classname="com.ecommerce.test.TC_06_validationofpaymentoptions" name="paymentoptions" time="27.344"/>
</testsuite> <!-- com.ecommerce.test.TC_06_validationofpaymentoptions -->
