<?xml version="1.0" encoding="UTF-8"?>
<!-- Generated by org.testng.reporters.JUnitReportReporter -->
<testsuite hostname="LAPTOP-HIHHPDSQ" failures="0" tests="1" name="com.ecommerce.test.TC_01" time="7.752" errors="0" timestamp="2024-05-09T21:35:23 IST" skipped="0">
  <testcase classname="com.ecommerce.test.TC_01" name="validationofsignin_1" time="7.752"/>
</testsuite> <!-- com.ecommerce.test.TC_01 -->
