<?xml version="1.0" encoding="UTF-8"?>
<!-- Generated by org.testng.reporters.JUnitReportReporter -->
<testsuite hostname="LAPTOP-HIHHPDSQ" failures="0" tests="1" name="com.ecommerce.test.TC_12_increasingquantityofproduct" time="56.893" errors="0" timestamp="2024-05-13T11:45:20 IST" skipped="0">
  <testcase classname="com.ecommerce.test.TC_12_increasingquantityofproduct" name="increasingquantity" time="56.893"/>
</testsuite> <!-- com.ecommerce.test.TC_12_increasingquantityofproduct -->
